

================================================================
== Vitis HLS Report for 'IGCN_Pipeline_VITIS_LOOP_19_2'
================================================================
* Date:           Thu Oct 27 18:21:43 2022

* Version:        2022.1 (Build 3526262 on Mon Apr 18 15:47:01 MDT 2022)
* Project:        IGCN
* Solution:       solution1 (Vivado IP Flow Target)
* Product family: zynq
* Target device:  xc7z045-ffv900-3


================================================================
== Performance Estimates
================================================================
+ Timing: 
    * Summary: 
    +--------+----------+----------+------------+
    |  Clock |  Target  | Estimated| Uncertainty|
    +--------+----------+----------+------------+
    |ap_clk  |  10.00 ns|  3.063 ns|     2.70 ns|
    +--------+----------+----------+------------+

+ Latency: 
    * Summary: 
    +---------+---------+-----------+----------+-----+-----+---------+
    |  Latency (cycles) |  Latency (absolute)  |  Interval | Pipeline|
    |   min   |   max   |    min    |    max   | min | max |   Type  |
    +---------+---------+-----------+----------+-----+-----+---------+
    |        2|       65|  20.000 ns|  0.650 us|    2|   65|       no|
    +---------+---------+-----------+----------+-----+-----+---------+

    + Detail: 
        * Instance: 
        N/A

        * Loop: 
        +-------------------+---------+---------+----------+-----------+-----------+--------+----------+
        |                   |  Latency (cycles) | Iteration|  Initiation Interval  |  Trip  |          |
        |     Loop Name     |   min   |   max   |  Latency |  achieved |   target  |  Count | Pipelined|
        +-------------------+---------+---------+----------+-----------+-----------+--------+----------+
        |- VITIS_LOOP_19_2  |        0|       63|         2|          1|          1|  0 ~ 63|       yes|
        +-------------------+---------+---------+----------+-----------+-----------+--------+----------+

============================================================
+ Verbose Summary: Synthesis Manager
============================================================
InlineROM: 1
ExposeGlobal: 0
============================================================
+ Verbose Summary: CDFG Model
============================================================
IsTopModel: 0
ResetActiveHigh: 1
IsCombinational: 0
IsDatapathOnly: 0
HasWiredReturn: 1
HasMFsm: 2
HasVarLatency: 1
IsPipeline: 0
IsRtlPipelined: 0
IsInstanceOverlapped: 0
IsDontTouch: 0
HasImplIP: 0
IsGatedGlobalClock: 0

+ Individual pipeline summary: 
  * Pipeline-0: initiation interval (II) = 1, depth = 2


============================================================
+ Verbose Summary: Schedule
============================================================
* Number of FSM states : 2
* Pipeline : 1
  Pipeline-0 : II = 1, D = 2, States = { 1 2 }
* Dataflow Pipeline: 0

* FSM state transitions: 
1 --> 2 
2 --> 

* FSM state operations: 

State 1 <SV = 0> <Delay = 3.06>
ST_1 : Operation 5 [1/1] (0.00ns)   --->   "%i = alloca i32 1"   --->   Operation 5 'alloca' 'i' <Predicate = true> <Delay = 0.00>
ST_1 : Operation 6 [1/1] (0.00ns)   --->   "%size_read = read i32 @_ssdm_op_Read.ap_auto.i32, i32 %size"   --->   Operation 6 'read' 'size_read' <Predicate = true> <Delay = 0.00>
ST_1 : Operation 7 [1/1] (1.14ns)   --->   "%store_ln0 = store i6 0, i6 %i"   --->   Operation 7 'store' 'store_ln0' <Predicate = true> <Delay = 1.14>
ST_1 : Operation 8 [1/1] (0.00ns)   --->   "%br_ln0 = br void %for.inc22"   --->   Operation 8 'br' 'br_ln0' <Predicate = true> <Delay = 0.00>
ST_1 : Operation 9 [1/1] (0.00ns)   --->   "%i_1 = load i6 %i" [IGCN/igcn.cpp:19]   --->   Operation 9 'load' 'i_1' <Predicate = true> <Delay = 0.00>
ST_1 : Operation 10 [1/1] (0.00ns)   --->   "%i_2_cast6 = zext i6 %i_1" [IGCN/igcn.cpp:19]   --->   Operation 10 'zext' 'i_2_cast6' <Predicate = true> <Delay = 0.00>
ST_1 : Operation 11 [1/1] (0.00ns)   --->   "%specpipeline_ln0 = specpipeline void @_ssdm_op_SpecPipeline, i32 4294967295, i32 0, i32 1, i32 0, void @p_str"   --->   Operation 11 'specpipeline' 'specpipeline_ln0' <Predicate = true> <Delay = 0.00>
ST_1 : Operation 12 [1/1] (1.91ns)   --->   "%icmp_ln19 = icmp_eq  i32 %i_2_cast6, i32 %size_read" [IGCN/igcn.cpp:19]   --->   Operation 12 'icmp' 'icmp_ln19' <Predicate = true> <Delay = 1.91> <CoreInst = "Cmp">   --->   Core 9 'Cmp' <Latency = 0> <II = 1> <Delay = 1.91> <FuncUnit> <Opcode : 'icmp'> <InPorts = 2> <OutPorts = 1>
ST_1 : Operation 13 [1/1] (0.00ns)   --->   "%speclooptripcount_ln0 = speclooptripcount void @_ssdm_op_SpecLoopTripCount, i64 0, i64 63, i64 0"   --->   Operation 13 'speclooptripcount' 'speclooptripcount_ln0' <Predicate = true> <Delay = 0.00>
ST_1 : Operation 14 [1/1] (1.51ns)   --->   "%add_ln19 = add i6 %i_1, i6 1" [IGCN/igcn.cpp:19]   --->   Operation 14 'add' 'add_ln19' <Predicate = true> <Delay = 1.51> <CoreInst = "Adder">   --->   Core 1 'Adder' <Latency = 0> <II = 1> <Delay = 1.51> <FuncUnit> <Opcode : 'add' 'sub'> <InPorts = 2> <OutPorts = 1>
ST_1 : Operation 15 [1/1] (0.00ns)   --->   "%br_ln19 = br i1 %icmp_ln19, void %for.inc22.split, void %for.end24.loopexit.exitStub" [IGCN/igcn.cpp:19]   --->   Operation 15 'br' 'br_ln19' <Predicate = true> <Delay = 0.00>
ST_1 : Operation 16 [1/1] (0.00ns)   --->   "%i_2_cast = zext i6 %i_1" [IGCN/igcn.cpp:19]   --->   Operation 16 'zext' 'i_2_cast' <Predicate = (!icmp_ln19)> <Delay = 0.00>
ST_1 : Operation 17 [1/1] (0.00ns)   --->   "%outputarr_addr = getelementptr i32 %outputarr, i64 0, i64 %i_2_cast" [IGCN/igcn.cpp:20]   --->   Operation 17 'getelementptr' 'outputarr_addr' <Predicate = (!icmp_ln19)> <Delay = 0.00>
ST_1 : Operation 18 [2/2] (2.41ns)   --->   "%outputarr_load = load i6 %outputarr_addr" [IGCN/igcn.cpp:20]   --->   Operation 18 'load' 'outputarr_load' <Predicate = (!icmp_ln19)> <Delay = 2.41> <CoreInst = "RAM">   --->   Core 82 'RAM' <Latency = 1> <II = 1> <Delay = 2.41> <Storage> <Opcode : 'load' 'store'> <Ports = 2> <Width = 32> <Depth = 50> <RAM>
ST_1 : Operation 19 [1/1] (1.14ns)   --->   "%store_ln19 = store i6 %add_ln19, i6 %i" [IGCN/igcn.cpp:19]   --->   Operation 19 'store' 'store_ln19' <Predicate = (!icmp_ln19)> <Delay = 1.14>
ST_1 : Operation 24 [1/1] (0.00ns)   --->   "%ret_ln0 = ret"   --->   Operation 24 'ret' 'ret_ln0' <Predicate = (icmp_ln19)> <Delay = 0.00>

State 2 <SV = 1> <Delay = 2.41>
ST_2 : Operation 20 [1/1] (0.00ns)   --->   "%specloopname_ln19 = specloopname void @_ssdm_op_SpecLoopName, void @empty_2" [IGCN/igcn.cpp:19]   --->   Operation 20 'specloopname' 'specloopname_ln19' <Predicate = true> <Delay = 0.00>
ST_2 : Operation 21 [1/2] (2.41ns)   --->   "%outputarr_load = load i6 %outputarr_addr" [IGCN/igcn.cpp:20]   --->   Operation 21 'load' 'outputarr_load' <Predicate = true> <Delay = 2.41> <CoreInst = "RAM">   --->   Core 82 'RAM' <Latency = 1> <II = 1> <Delay = 2.41> <Storage> <Opcode : 'load' 'store'> <Ports = 2> <Width = 32> <Depth = 50> <RAM>
ST_2 : Operation 22 [1/1] (0.00ns)   --->   "%write_ln20 = write void @_ssdm_op_Write.ap_auto.i32P0A, i32 %output_r, i32 %outputarr_load" [IGCN/igcn.cpp:20]   --->   Operation 22 'write' 'write_ln20' <Predicate = true> <Delay = 0.00>
ST_2 : Operation 23 [1/1] (0.00ns)   --->   "%br_ln19 = br void %for.inc22" [IGCN/igcn.cpp:19]   --->   Operation 23 'br' 'br_ln19' <Predicate = true> <Delay = 0.00>


============================================================
+ Verbose Summary: Timing violations
============================================================
Target clock period: 10ns, clock uncertainty: 2.7ns.

 <State 1>: 3.06ns
The critical path consists of the following:
	'alloca' operation ('i') [4]  (0 ns)
	'load' operation ('i', IGCN/igcn.cpp:19) on local variable 'i' [9]  (0 ns)
	'add' operation ('add_ln19', IGCN/igcn.cpp:19) [14]  (1.52 ns)
	'store' operation ('store_ln19', IGCN/igcn.cpp:19) of variable 'add_ln19', IGCN/igcn.cpp:19 on local variable 'i' [22]  (1.15 ns)
	blocking operation 0.401 ns on control path)

 <State 2>: 2.42ns
The critical path consists of the following:
	'load' operation ('outputarr_load', IGCN/igcn.cpp:20) on array 'outputarr' [20]  (2.42 ns)


============================================================
+ Verbose Summary: Binding
============================================================
N/A
* FSMD analyzer results:
  - Output states:
 - Input state : 
  - Chain level:
	State 1
	State 2


============================================================
+ Verbose Summary: Datapath Resource usage 
============================================================
N/A
